-------------------------------------------------------------------------------
['/home/delphi/gcc/sumo/bin/duarouter', '-c', 'iteration_000_input_trips.duarcfg']
Loading configuration... done.
Success.
-------------------------------------------------------------------------------
['/home/delphi/gcc/sumo/bin/sumo', '-c', 'iteration_000.sumocfg']
Loading configuration... done.
Loading net-file from 'input_net.net.xml'... done (0ms).
Loading additional-files from 'dua_dump_000.add.xml'... done (0ms).
Loading done.
Simulation version v1_2_0+0017-2a947141e5 started with time: 0.00
Simulation ended at time: 244.00
Reason: All vehicles have left the simulation.
Performance: 
 Duration: 13ms
 Real time factor: 18769.2
 UPS: 107230.769231
Vehicles: 
 Inserted: 10
 Running: 0
 Waiting: 0

-------------------------------------------------------------------------------
['/home/delphi/gcc/sumo/bin/duarouter', '-c', 'iteration_001_input_trips_000.duarcfg']
Loading configuration... done.
Success.
-------------------------------------------------------------------------------
['/home/delphi/gcc/sumo/bin/sumo', '-c', 'iteration_001.sumocfg']
Loading configuration... done.
Loading net-file from 'input_net.net.xml'... done (0ms).
Loading additional-files from 'dua_dump_001.add.xml'... done (0ms).
Loading done.
Simulation version v1_2_0+0017-2a947141e5 started with time: 0.00
Simulation ended at time: 243.00
Reason: All vehicles have left the simulation.
Performance: 
 Duration: 12ms
 Real time factor: 20250
 UPS: 114333.333333
Vehicles: 
 Inserted: 10
 Running: 0
 Waiting: 0

-------------------------------------------------------------------------------
['/home/delphi/gcc/sumo/bin/duarouter', '-c', 'iteration_002_input_trips_001.duarcfg']
Loading configuration... done.
Success.
-------------------------------------------------------------------------------
['/home/delphi/gcc/sumo/bin/sumo', '-c', 'iteration_002.sumocfg']
Loading configuration... done.
Loading net-file from 'input_net.net.xml'... done (0ms).
Loading additional-files from 'dua_dump_002.add.xml'... done (0ms).
Loading done.
Simulation version v1_2_0+0017-2a947141e5 started with time: 0.00
Simulation ended at time: 243.00
Reason: All vehicles have left the simulation.
Performance: 
 Duration: 12ms
 Real time factor: 20250
 UPS: 114333.333333
Vehicles: 
 Inserted: 10
 Running: 0
 Waiting: 0

-------------------------------------------------------------------------------
['/home/delphi/gcc/sumo/bin/duarouter', '-c', 'iteration_003_input_trips_002.duarcfg']
Loading configuration... done.
Success.
-------------------------------------------------------------------------------
['/home/delphi/gcc/sumo/bin/sumo', '-c', 'iteration_003.sumocfg']
Loading configuration... done.
Loading net-file from 'input_net.net.xml'... done (0ms).
Loading additional-files from 'dua_dump_003.add.xml'... done (0ms).
Loading done.
Simulation version v1_2_0+0017-2a947141e5 started with time: 0.00
Simulation ended at time: 243.00
Reason: All vehicles have left the simulation.
Performance: 
 Duration: 12ms
 Real time factor: 20250
 UPS: 114333.333333
Vehicles: 
 Inserted: 10
 Running: 0
 Waiting: 0

-------------------------------------------------------------------------------
['/home/delphi/gcc/sumo/bin/duarouter', '-c', 'iteration_004_input_trips_003.duarcfg']
Loading configuration... done.
Success.
-------------------------------------------------------------------------------
['/home/delphi/gcc/sumo/bin/sumo', '-c', 'iteration_004.sumocfg']
Loading configuration... done.
Loading net-file from 'input_net.net.xml'... done (0ms).
Loading additional-files from 'dua_dump_004.add.xml'... done (0ms).
Loading done.
Simulation version v1_2_0+0017-2a947141e5 started with time: 0.00
Simulation ended at time: 243.00
Reason: All vehicles have left the simulation.
Performance: 
 Duration: 12ms
 Real time factor: 20250
 UPS: 114333.333333
Vehicles: 
 Inserted: 10
 Running: 0
 Waiting: 0

